Added Component: Designator=Header1(Headerx10)
Add component. Clean all parameters for all variants
Added Component: Designator=Header2(Headerx10)
Add component. Clean all parameters for all variants
Added Component: Designator=U(SSOP-20)
Add component. Clean all parameters for all variants
Add component (AddParameter): Name = "Digi-Key_Part_Number"; Value = "ADE7753ARSZRLCT-ND"; VariantName = "[No Variations]"
Add component (AddParameter): Name = "MF"; Value = "Analog Devices"; VariantName = "[No Variations]"
Add component (AddParameter): Name = "MP"; Value = "ADE7753"; VariantName = "[No Variations]"
Add component (AddParameter): Name = "Package"; Value = "SSOP-20 Analog Devices"; VariantName = "[No Variations]"
Add component (AddParameter): Name = "SnapEDA_Link"; Value = "https://www.snapeda.com/parts/ADE7753/Analog%20Devices%20Inc./view-part/3209960/?ref=snap"; VariantName = "[No Variations]"
Add component (AddParameter): Name = "Value"; Value = ""; VariantName = "[No Variations]"
Added Pin To Net: NetName=NetHeader1_1 Pin=Header1-1
Added Pin To Net: NetName=NetHeader1_1 Pin=U-20
Added Net: Name=NetHeader1_1
Added Pin To Net: NetName=NetHeader1_2 Pin=Header1-2
Added Pin To Net: NetName=NetHeader1_2 Pin=U-19
Added Net: Name=NetHeader1_2
Added Pin To Net: NetName=NetHeader1_3 Pin=Header1-3
Added Pin To Net: NetName=NetHeader1_3 Pin=U-18
Added Net: Name=NetHeader1_3
Added Pin To Net: NetName=NetHeader1_4 Pin=Header1-4
Added Pin To Net: NetName=NetHeader1_4 Pin=U-17
Added Net: Name=NetHeader1_4
Added Pin To Net: NetName=NetHeader1_5 Pin=Header1-5
Added Pin To Net: NetName=NetHeader1_5 Pin=U-16
Added Net: Name=NetHeader1_5
Added Pin To Net: NetName=NetHeader1_6 Pin=Header1-6
Added Pin To Net: NetName=NetHeader1_6 Pin=U-15
Added Net: Name=NetHeader1_6
Added Pin To Net: NetName=NetHeader1_7 Pin=Header1-7
Added Pin To Net: NetName=NetHeader1_7 Pin=U-14
Added Net: Name=NetHeader1_7
Added Pin To Net: NetName=NetHeader1_8 Pin=Header1-8
Added Pin To Net: NetName=NetHeader1_8 Pin=U-13
Added Net: Name=NetHeader1_8
Added Pin To Net: NetName=NetHeader1_9 Pin=Header1-9
Added Pin To Net: NetName=NetHeader1_9 Pin=U-12
Added Net: Name=NetHeader1_9
Added Pin To Net: NetName=NetHeader1_10 Pin=Header1-10
Added Pin To Net: NetName=NetHeader1_10 Pin=U-11
Added Net: Name=NetHeader1_10
Added Pin To Net: NetName=NetHeader2_1 Pin=Header2-1
Added Pin To Net: NetName=NetHeader2_1 Pin=U-1
Added Net: Name=NetHeader2_1
Added Pin To Net: NetName=NetHeader2_2 Pin=Header2-2
Added Pin To Net: NetName=NetHeader2_2 Pin=U-2
Added Net: Name=NetHeader2_2
Added Pin To Net: NetName=NetHeader2_3 Pin=Header2-3
Added Pin To Net: NetName=NetHeader2_3 Pin=U-3
Added Net: Name=NetHeader2_3
Added Pin To Net: NetName=NetHeader2_4 Pin=Header2-4
Added Pin To Net: NetName=NetHeader2_4 Pin=U-4
Added Net: Name=NetHeader2_4
Added Pin To Net: NetName=NetHeader2_5 Pin=Header2-5
Added Pin To Net: NetName=NetHeader2_5 Pin=U-5
Added Net: Name=NetHeader2_5
Added Pin To Net: NetName=NetHeader2_6 Pin=Header2-6
Added Pin To Net: NetName=NetHeader2_6 Pin=U-6
Added Net: Name=NetHeader2_6
Added Pin To Net: NetName=NetHeader2_7 Pin=Header2-7
Added Pin To Net: NetName=NetHeader2_7 Pin=U-7
Added Net: Name=NetHeader2_7
Added Pin To Net: NetName=NetHeader2_8 Pin=Header2-8
Added Pin To Net: NetName=NetHeader2_8 Pin=U-8
Added Net: Name=NetHeader2_8
Added Pin To Net: NetName=NetHeader2_9 Pin=Header2-9
Added Pin To Net: NetName=NetHeader2_9 Pin=U-9
Added Net: Name=NetHeader2_9
Added Pin To Net: NetName=NetHeader2_10 Pin=Header2-10
Added Pin To Net: NetName=NetHeader2_10 Pin=U-10
Added Net: Name=NetHeader2_10
Added Class: Name=ADE_short
